https://www.udemy.com/course/70533-azure/

View it
Section 5: Manage Azure AD objects
Users and groups, add roles in Azure active directory, many built in.
Add company user or invite guest user or register device.

Section 6: Manage role-based access control (RBAC)
When you have user or group, you can restricted the access on vm, vnet, rg with access control (IAM) on the blade for the vm, vnet or rg.
Add role assignment to user, group or service principal.

* Rule, give the least permission.

We can create custom role (AD) also, if the built in is not enough, for example on the rg.
IAM->Create a custom role
Add permissions
Exclude permissions

Lab:
Add users and groups, give them access to different resources, test it in the portal.

https://follow-e-lo.com/2021/09/01/5-min-azure-active-directory-and-iam/


Section 8: Create and configure storage accounts

Fundamental of the cloud, place to store files in azure.
1 Container storage for files, blobs.
2 Managed storage backend for VM's (C,D, HD etc)

Create storage account:
Basic:
Performance
Standard, most scenarios.
Premium, (SSD, but more cost) for low latency.
Redundancy:
GRS, Geo-redundancy storage, in region and a copy of files in secondary region. 6 Copies
LRS, 1 file in region, 2 copy of files in same region. 3 Copies. Low cost
ZRS, similar LRS, but separate datacenters power, water etc. That is zones.
GZRS, combines GRS and ZRS.

Adavanced:








